<?xml version="1.0" encoding="UTF-8"?>
<testng-results ignored="0" total="5" passed="5" failed="0" skipped="0">
  <reporter-output>
  </reporter-output>
  <suite started-at="2023-04-15T12:46:46 CEST" name="Regression suite for open cart project on Test Environment" finished-at="2023-04-15T12:47:36 CEST" duration-ms="49307">
    <groups>
    </groups>
    <test started-at="2023-04-15T12:46:46 CEST" name="Regression Test" finished-at="2023-04-15T12:47:36 CEST" duration-ms="49307">
      <class name="tests.RegistrationWithErrorsTest">
        <test-method is-config="true" signature="startDriver()[pri:0, instance:tests.RegistrationWithErrorsTest@b5de9ac]" started-at="2023-04-15T12:47:11 CEST" name="startDriver" finished-at="2023-04-15T12:47:18 CEST" duration-ms="6825" status="PASS">
          <reporter-output>
          </reporter-output>
        </test-method> <!-- startDriver -->
        <test-method is-config="true" signature="beforeTest()[pri:0, instance:tests.RegistrationWithErrorsTest@b5de9ac]" started-at="2023-04-15T12:47:18 CEST" name="beforeTest" finished-at="2023-04-15T12:47:18 CEST" duration-ms="1" status="PASS">
          <reporter-output>
          </reporter-output>
        </test-method> <!-- beforeTest -->
        <test-method signature="invalidRegWithFirstAndLastName()[pri:1, instance:tests.RegistrationWithErrorsTest@b5de9ac]" started-at="2023-04-15T12:47:18 CEST" name="invalidRegWithFirstAndLastName" finished-at="2023-04-15T12:47:25 CEST" duration-ms="7466" status="PASS">
          <reporter-output>
          </reporter-output>
        </test-method> <!-- invalidRegWithFirstAndLastName -->
        <test-method is-config="true" signature="screenShotOnFailure(org.testng.ITestResult)[pri:0, instance:tests.RegistrationWithErrorsTest@b5de9ac]" started-at="2023-04-15T12:47:25 CEST" name="screenShotOnFailure" finished-at="2023-04-15T12:47:25 CEST" duration-ms="1" status="PASS">
          <params>
            <param index="0">
              <value>
                <![CDATA[[TestResult name=invalidRegWithFirstAndLastName status=SUCCESS method=RegistrationWithErrorsTest.invalidRegWithFirstAndLastName()[pri:1, instance:tests.RegistrationWithErrorsTest@b5de9ac] output={null}]]]>
              </value>
            </param>
          </params>
          <reporter-output>
          </reporter-output>
        </test-method> <!-- screenShotOnFailure -->
        <test-method is-config="true" signature="beforeTest()[pri:0, instance:tests.RegistrationWithErrorsTest@b5de9ac]" started-at="2023-04-15T12:47:25 CEST" name="beforeTest" finished-at="2023-04-15T12:47:25 CEST" duration-ms="1" status="PASS">
          <reporter-output>
          </reporter-output>
        </test-method> <!-- beforeTest -->
        <test-method signature="invalidRegWithNoPassword()[pri:2, instance:tests.RegistrationWithErrorsTest@b5de9ac]" started-at="2023-04-15T12:47:25 CEST" name="invalidRegWithNoPassword" finished-at="2023-04-15T12:47:30 CEST" duration-ms="5068" status="PASS">
          <reporter-output>
          </reporter-output>
        </test-method> <!-- invalidRegWithNoPassword -->
        <test-method is-config="true" signature="screenShotOnFailure(org.testng.ITestResult)[pri:0, instance:tests.RegistrationWithErrorsTest@b5de9ac]" started-at="2023-04-15T12:47:30 CEST" name="screenShotOnFailure" finished-at="2023-04-15T12:47:30 CEST" duration-ms="2" status="PASS">
          <params>
            <param index="0">
              <value>
                <![CDATA[[TestResult name=invalidRegWithNoPassword status=SUCCESS method=RegistrationWithErrorsTest.invalidRegWithNoPassword()[pri:2, instance:tests.RegistrationWithErrorsTest@b5de9ac] output={null}]]]>
              </value>
            </param>
          </params>
          <reporter-output>
          </reporter-output>
        </test-method> <!-- screenShotOnFailure -->
        <test-method is-config="true" signature="beforeTest()[pri:0, instance:tests.RegistrationWithErrorsTest@b5de9ac]" started-at="2023-04-15T12:47:30 CEST" name="beforeTest" finished-at="2023-04-15T12:47:30 CEST" duration-ms="1" status="PASS">
          <reporter-output>
          </reporter-output>
        </test-method> <!-- beforeTest -->
        <test-method signature="invalidRegWithLessThan4Password()[pri:3, instance:tests.RegistrationWithErrorsTest@b5de9ac]" started-at="2023-04-15T12:47:30 CEST" name="invalidRegWithLessThan4Password" finished-at="2023-04-15T12:47:36 CEST" duration-ms="5155" status="PASS">
          <reporter-output>
          </reporter-output>
        </test-method> <!-- invalidRegWithLessThan4Password -->
        <test-method is-config="true" signature="screenShotOnFailure(org.testng.ITestResult)[pri:0, instance:tests.RegistrationWithErrorsTest@b5de9ac]" started-at="2023-04-15T12:47:36 CEST" name="screenShotOnFailure" finished-at="2023-04-15T12:47:36 CEST" duration-ms="2" status="PASS">
          <params>
            <param index="0">
              <value>
                <![CDATA[[TestResult name=invalidRegWithLessThan4Password status=SUCCESS method=RegistrationWithErrorsTest.invalidRegWithLessThan4Password()[pri:3, instance:tests.RegistrationWithErrorsTest@b5de9ac] output={null}]]]>
              </value>
            </param>
          </params>
          <reporter-output>
          </reporter-output>
        </test-method> <!-- screenShotOnFailure -->
        <test-method is-config="true" signature="closeDriver()[pri:0, instance:tests.RegistrationWithErrorsTest@b5de9ac]" started-at="2023-04-15T12:47:36 CEST" name="closeDriver" finished-at="2023-04-15T12:47:36 CEST" duration-ms="116" status="PASS">
          <reporter-output>
          </reporter-output>
        </test-method> <!-- closeDriver -->
      </class> <!-- tests.RegistrationWithErrorsTest -->
      <class name="tests.RegistrationWithoutErrorsTest">
        <test-method is-config="true" signature="startDriver()[pri:0, instance:tests.RegistrationWithoutErrorsTest@7a485a36]" started-at="2023-04-15T12:46:46 CEST" name="startDriver" finished-at="2023-04-15T12:46:56 CEST" duration-ms="9412" status="PASS">
          <reporter-output>
          </reporter-output>
        </test-method> <!-- startDriver -->
        <test-method is-config="true" signature="beforeTest()[pri:0, instance:tests.RegistrationWithoutErrorsTest@7a485a36]" started-at="2023-04-15T12:46:56 CEST" name="beforeTest" finished-at="2023-04-15T12:46:56 CEST" duration-ms="36" status="PASS">
          <reporter-output>
          </reporter-output>
        </test-method> <!-- beforeTest -->
        <test-method signature="RegistrationWithoutErrors()[pri:0, instance:tests.RegistrationWithoutErrorsTest@7a485a36]" started-at="2023-04-15T12:46:56 CEST" name="RegistrationWithoutErrors" finished-at="2023-04-15T12:47:09 CEST" duration-ms="12658" status="PASS">
          <reporter-output>
          </reporter-output>
        </test-method> <!-- RegistrationWithoutErrors -->
        <test-method is-config="true" signature="screenShotOnFailure(org.testng.ITestResult)[pri:0, instance:tests.RegistrationWithoutErrorsTest@7a485a36]" started-at="2023-04-15T12:47:09 CEST" name="screenShotOnFailure" finished-at="2023-04-15T12:47:09 CEST" duration-ms="4" status="PASS">
          <params>
            <param index="0">
              <value>
                <![CDATA[[TestResult name=RegistrationWithoutErrors status=SUCCESS method=RegistrationWithoutErrorsTest.RegistrationWithoutErrors()[pri:0, instance:tests.RegistrationWithoutErrorsTest@7a485a36] output={null}]]]>
              </value>
            </param>
          </params>
          <reporter-output>
          </reporter-output>
        </test-method> <!-- screenShotOnFailure -->
        <test-method is-config="true" signature="beforeTest()[pri:0, instance:tests.RegistrationWithoutErrorsTest@7a485a36]" started-at="2023-04-15T12:47:09 CEST" name="beforeTest" finished-at="2023-04-15T12:47:09 CEST" duration-ms="1" status="PASS">
          <reporter-output>
          </reporter-output>
        </test-method> <!-- beforeTest -->
        <test-method signature="logout()[pri:0, instance:tests.RegistrationWithoutErrorsTest@7a485a36]" started-at="2023-04-15T12:47:09 CEST" name="logout" finished-at="2023-04-15T12:47:11 CEST" depends-on-methods="tests.RegistrationWithoutErrorsTest.RegistrationWithoutErrors" duration-ms="2254" status="PASS">
          <reporter-output>
          </reporter-output>
        </test-method> <!-- logout -->
        <test-method is-config="true" signature="screenShotOnFailure(org.testng.ITestResult)[pri:0, instance:tests.RegistrationWithoutErrorsTest@7a485a36]" started-at="2023-04-15T12:47:11 CEST" name="screenShotOnFailure" finished-at="2023-04-15T12:47:11 CEST" duration-ms="1" status="PASS">
          <params>
            <param index="0">
              <value>
                <![CDATA[[TestResult name=logout status=SUCCESS method=RegistrationWithoutErrorsTest.logout()[pri:0, instance:tests.RegistrationWithoutErrorsTest@7a485a36] output={null}]]]>
              </value>
            </param>
          </params>
          <reporter-output>
          </reporter-output>
        </test-method> <!-- screenShotOnFailure -->
        <test-method is-config="true" signature="closeDriver()[pri:0, instance:tests.RegistrationWithoutErrorsTest@7a485a36]" started-at="2023-04-15T12:47:11 CEST" name="closeDriver" finished-at="2023-04-15T12:47:11 CEST" duration-ms="145" status="PASS">
          <reporter-output>
          </reporter-output>
        </test-method> <!-- closeDriver -->
      </class> <!-- tests.RegistrationWithoutErrorsTest -->
    </test> <!-- Regression Test -->
  </suite> <!-- Regression suite for open cart project on Test Environment -->
</testng-results>
