<?xml version="1.0" encoding="UTF-8"?>
<!-- Generated by org.testng.reporters.JUnitXMLReporter -->
<testsuite ignored="0" hostname="DT-JX1G6MT6WC" failures="0" tests="5" name="Regression Test" time="49.307" errors="0" timestamp="2023-04-15T12:47:36 CEST">
  <testcase classname="tests.RegistrationWithoutErrorsTest" name="RegistrationWithoutErrors" time="12.658"/>
  <testcase classname="tests.RegistrationWithoutErrorsTest" name="logout" time="2.254"/>
  <testcase classname="tests.RegistrationWithErrorsTest" name="invalidRegWithFirstAndLastName" time="7.466"/>
  <testcase classname="tests.RegistrationWithErrorsTest" name="invalidRegWithNoPassword" time="5.068"/>
  <testcase classname="tests.RegistrationWithErrorsTest" name="invalidRegWithLessThan4Password" time="5.155"/>
</testsuite> <!-- Regression Test -->
